#
# There is insufficient memory for the Java Runtime Environment to continue.
# Native memory allocation (mmap) failed to map 260046848 bytes for G1 virtual space
# Possible reasons:
#   The system is out of physical RAM or swap space
#   The process is running with CompressedOops enabled, and the Java Heap may be blocking the growth of the native heap
# Possible solutions:
#   Reduce memory load on the system
#   Increase physical memory or swap space
#   Check if swap backing store is full
#   Decrease Java heap size (-Xmx/-Xms)
#   Decrease number of Java threads
#   Decrease Java thread stack sizes (-Xss)
#   Set larger code cache with -XX:ReservedCodeCacheSize=
#   JVM is running with Zero Based Compressed Oops mode in which the Java heap is
#     placed in the first 32GB address space. The Java Heap base address is the
#     maximum limit for the native heap growth. Please use -XX:HeapBaseMinAddress
#     to set the Java Heap base and to place the Java Heap above 32GB virtual address.
# This output file may be truncated or incomplete.
#
#  Out of Memory Error (os_windows.cpp:3771), pid=12888, tid=10900
#
# JRE version:  (17.0.7) (build )
# Java VM: OpenJDK 64-Bit Server VM (17.0.7+0-b2043.56-10550314, mixed mode, sharing, tiered, compressed oops, compressed class ptrs, g1 gc, windows-amd64)
# No core dump will be written. Minidumps are not enabled by default on client versions of Windows
#

---------------  S U M M A R Y ------------

Command Line: git4idea.http.GitAskPassApp Username for 'https://github.com': 

Host: AMD Ryzen 5 4600H with Radeon Graphics         , 12 cores, 15G,  Windows 11 , 64 bit Build 22621 (10.0.22621.2506)
Time: Wed Dec 20 18:05:29 2023 SE Asia Standard Time elapsed time: 0.010813 seconds (0d 0h 0m 0s)

---------------  T H R E A D  ---------------

Current thread (0x000001dff2b99520):  JavaThread "Unknown thread" [_thread_in_vm, id=10900, stack(0x000000c43f800000,0x000000c43f900000)]

Stack: [0x000000c43f800000,0x000000c43f900000]
Native frames: (J=compiled Java code, j=interpreted, Vv=VM code, C=native code)
V  [jvm.dll+0x683bfa]
V  [jvm.dll+0x8430a4]
V  [jvm.dll+0x8449be]
V  [jvm.dll+0x845023]
V  [jvm.dll+0x24ad2f]
V  [jvm.dll+0x680ac9]
V  [jvm.dll+0x67519a]
V  [jvm.dll+0x30b3cb]
V  [jvm.dll+0x312876]
V  [jvm.dll+0x36221e]
V  [jvm.dll+0x36244f]
V  [jvm.dll+0x2e14a8]
V  [jvm.dll+0x2e2414]
V  [jvm.dll+0x814391]
V  [jvm.dll+0x36ffe1]
V  [jvm.dll+0x7f396c]
V  [jvm.dll+0x3f305f]
V  [jvm.dll+0x3f4b91]
C  [jli.dll+0x528f]
C  [ucrtbase.dll+0x29363]
C  [KERNEL32.DLL+0x1257d]
C  [ntdll.dll+0x5aa58]


---------------  P R O C E S S  ---------------

Threads class SMR info:
_java_thread_list=0x00007ffc0e2ad098, length=0, elements={
}

Java Threads: ( => current thread )

Other Threads:
  0x000001dff2c052b0 GCTaskThread "GC Thread#0" [stack: 0x000000c43f900000,0x000000c43fa00000] [id=19412]
  0x000001dff2c15870 ConcurrentGCThread "G1 Main Marker" [stack: 0x000000c43fa00000,0x000000c43fb00000] [id=17216]
  0x000001dff2c18190 ConcurrentGCThread "G1 Conc#0" [stack: 0x000000c43fb00000,0x000000c43fc00000] [id=25788]

[error occurred during error reporting (printing all threads), id 0xc0000005, EXCEPTION_ACCESS_VIOLATION (0xc0000005) at pc=0x00007ffc0da62087]

VM state: not at safepoint (not fully initialized)

VM Mutex/Monitor currently owned by a thread:  ([mutex/lock_event])
[0x000001dff2b94d60] Heap_lock - owner thread: 0x000001dff2b99520

Heap address: 0x0000000709800000, size: 3944 MB, Compressed Oops mode: Zero based, Oop shift amount: 3

CDS archive(s) mapped at: [0x0000000000000000-0x0000000000000000-0x0000000000000000), size 0, SharedBaseAddress: 0x0000000800000000, ArchiveRelocationMode: 0.
Narrow klass base: 0x0000000000000000, Narrow klass shift: 0, Narrow klass range: 0x0

GC Precious Log:
<Empty>

Heap:
 garbage-first heap   total 0K, used 0K [0x0000000709800000, 0x0000000800000000)
  region size 2048K, 0 young (0K), 0 survivors (0K)
 Metaspace       used 0K, committed 0K, reserved 0K
  class space    used 0K, committed 0K, reserved 0K

Heap Regions: E=young(eden), S=young(survivor), O=old, HS=humongous(starts), HC=humongous(continues), CS=collection set, F=free, OA=open archive, CA=closed archive, TAMS=top-at-mark-start (previous, next)

Card table byte_map: [0x000001dff6d80000,0x000001dff7540000] _byte_map_base: 0x000001dff3534000

Marking Bits (Prev, Next): (CMBitMap*) 0x000001dff2c058c0, (CMBitMap*) 0x000001dff2c05900
 Prev Bits: [0x000001dff7d00000, 0x000001dffbaa0000)
 Next Bits: [0x000001dffbaa0000, 0x000001dfff840000)

GC Heap History (0 events):
No events

Dll operation events (1 events):
Event: 0.006 Loaded shared library D:\Android\jbr\bin\java.dll

Deoptimization events (0 events):
No events

Classes unloaded (0 events):
No events

Classes redefined (0 events):
No events

Internal exceptions (0 events):
No events

VM Operations (0 events):
No events

Events (0 events):
No events


Dynamic libraries:
0x00007ff7448e0000 - 0x00007ff7448ea000 	D:\Android\jbr\bin\java.exe
0x00007ffc870b0000 - 0x00007ffc872c7000 	C:\WINDOWS\SYSTEM32\ntdll.dll
0x00007ffc859c0000 - 0x00007ffc85a84000 	C:\WINDOWS\System32\KERNEL32.DLL
0x00007ffc84620000 - 0x00007ffc849c6000 	C:\WINDOWS\System32\KERNELBASE.dll
0x00007ffc84ce0000 - 0x00007ffc84df1000 	C:\WINDOWS\System32\ucrtbase.dll
0x00007ffc66030000 - 0x00007ffc6604b000 	D:\Android\jbr\bin\VCRUNTIME140.dll
0x00007ffc691a0000 - 0x00007ffc691b7000 	D:\Android\jbr\bin\jli.dll
0x00007ffc84e70000 - 0x00007ffc8501e000 	C:\WINDOWS\System32\USER32.dll
0x00007ffc84550000 - 0x00007ffc84576000 	C:\WINDOWS\System32\win32u.dll
0x00007ffc6bda0000 - 0x00007ffc6c033000 	C:\WINDOWS\WinSxS\amd64_microsoft.windows.common-controls_6595b64144ccf1df_6.0.22621.2506_none_270c5ae97388e100\COMCTL32.dll
0x00007ffc84e00000 - 0x00007ffc84e29000 	C:\WINDOWS\System32\GDI32.dll
0x00007ffc85e70000 - 0x00007ffc85f17000 	C:\WINDOWS\System32\msvcrt.dll
0x00007ffc84a50000 - 0x00007ffc84b68000 	C:\WINDOWS\System32\gdi32full.dll
0x00007ffc84580000 - 0x00007ffc8461a000 	C:\WINDOWS\System32\msvcp_win.dll
0x00007ffc86f50000 - 0x00007ffc86f81000 	C:\WINDOWS\System32\IMM32.DLL
0x00007ffc76930000 - 0x00007ffc7693c000 	D:\Android\jbr\bin\vcruntime140_1.dll
0x00007ffc65fa0000 - 0x00007ffc6602d000 	D:\Android\jbr\bin\msvcp140.dll
0x00007ffc0d770000 - 0x00007ffc0e3f0000 	D:\Android\jbr\bin\server\jvm.dll
0x00007ffc85400000 - 0x00007ffc854b1000 	C:\WINDOWS\System32\ADVAPI32.dll
0x00007ffc85350000 - 0x00007ffc853f5000 	C:\WINDOWS\System32\sechost.dll
0x00007ffc85110000 - 0x00007ffc85227000 	C:\WINDOWS\System32\RPCRT4.dll
0x00007ffc76920000 - 0x00007ffc76929000 	C:\WINDOWS\SYSTEM32\WSOCK32.dll
0x00007ffc7ba70000 - 0x00007ffc7ba7a000 	C:\WINDOWS\SYSTEM32\VERSION.dll
0x00007ffc7c280000 - 0x00007ffc7c2b4000 	C:\WINDOWS\SYSTEM32\WINMM.dll
0x00007ffc85df0000 - 0x00007ffc85e61000 	C:\WINDOWS\System32\WS2_32.dll
0x00007ffc833e0000 - 0x00007ffc833f8000 	C:\WINDOWS\SYSTEM32\kernel.appcore.dll
0x00007ffc75d00000 - 0x00007ffc75d0a000 	D:\Android\jbr\bin\jimage.dll
0x00007ffc7a820000 - 0x00007ffc7aa53000 	C:\WINDOWS\SYSTEM32\DBGHELP.DLL
0x00007ffc85520000 - 0x00007ffc858a9000 	C:\WINDOWS\System32\combase.dll
0x00007ffc86f90000 - 0x00007ffc87067000 	C:\WINDOWS\System32\OLEAUT32.dll
0x00007ffc76830000 - 0x00007ffc76862000 	C:\WINDOWS\SYSTEM32\dbgcore.DLL
0x00007ffc849d0000 - 0x00007ffc84a4a000 	C:\WINDOWS\System32\bcryptPrimitives.dll
0x00007ffc74e20000 - 0x00007ffc74e45000 	D:\Android\jbr\bin\java.dll

dbghelp: loaded successfully - version: 4.0.5 - missing functions: none
symbol engine: initialized successfully - sym options: 0x614 - pdb path: .;D:\Android\jbr\bin;C:\WINDOWS\SYSTEM32;C:\WINDOWS\WinSxS\amd64_microsoft.windows.common-controls_6595b64144ccf1df_6.0.22621.2506_none_270c5ae97388e100;D:\Android\jbr\bin\server

VM Arguments:
java_command: git4idea.http.GitAskPassApp Username for 'https://github.com': 
java_class_path (initial): D:/Android/plugins/vcs-git/lib/git4idea-rt.jar;D:/Android/lib/externalProcess-rt.jar
Launcher Type: SUN_STANDARD

[Global flags]
     intx CICompilerCount                          = 4                                         {product} {ergonomic}
     uint ConcGCThreads                            = 3                                         {product} {ergonomic}
     uint G1ConcRefinementThreads                  = 10                                        {product} {ergonomic}
   size_t G1HeapRegionSize                         = 2097152                                   {product} {ergonomic}
    uintx GCDrainStackTargetSize                   = 64                                        {product} {ergonomic}
   size_t InitialHeapSize                          = 260046848                                 {product} {ergonomic}
   size_t MarkStackSize                            = 4194304                                   {product} {ergonomic}
   size_t MaxHeapSize                              = 4135583744                                {product} {ergonomic}
   size_t MinHeapDeltaBytes                        = 2097152                                   {product} {ergonomic}
   size_t MinHeapSize                              = 8388608                                   {product} {ergonomic}
    uintx NonNMethodCodeHeapSize                   = 5839372                                {pd product} {ergonomic}
    uintx NonProfiledCodeHeapSize                  = 122909434                              {pd product} {ergonomic}
    uintx ProfiledCodeHeapSize                     = 122909434                              {pd product} {ergonomic}
    uintx ReservedCodeCacheSize                    = 251658240                              {pd product} {ergonomic}
     bool SegmentedCodeCache                       = true                                      {product} {ergonomic}
   size_t SoftMaxHeapSize                          = 4135583744                             {manageable} {ergonomic}
     bool UseCompressedClassPointers               = true                           {product lp64_product} {ergonomic}
     bool UseCompressedOops                        = true                           {product lp64_product} {ergonomic}
     bool UseG1GC                                  = true                                      {product} {ergonomic}
     bool UseLargePagesIndividualAllocation        = false                                  {pd product} {ergonomic}

Logging:
Log output configuration:
 #0: stdout all=warning uptime,level,tags
 #1: stderr all=off uptime,level,tags

Environment Variables:
PATH=C:\Program Files\Git\mingw64\libexec\git-core;C:\Program Files\Git\mingw64\libexec\git-core;C:\Program Files\Git\mingw64\bin;C:\Program Files\Git\usr\bin;C:\Users\DongTrieu\bin;C:\Program Files\Common Files\Oracle\Java\javapath;C:\Program Files (x86)\Common Files\Oracle\Java\javapath;C:\ProgramData\Oracle\Java\javapath;C:\WINDOWS\system32;C:\WINDOWS;C:\WINDOWS\System32\Wbem;C:\WINDOWS\System32\WindowsPowerShell\v1.0;C:\WINDOWS\System32\OpenSSH;C:\Program Files\Microsoft SQL Server\Client SDK\ODBC\170\Tools\Binn;C:\Program Files\dotnet;C:\Program Files (x86)\Microsoft SQL Server\160\Tools\Binn;C:\Program Files\Microsoft SQL Server\160\Tools\Binn;C:\Program Files\Microsoft SQL Server\160\DTS\Binn;C:\Program Files (x86)\Microsoft SQL Server\160\DTS\Binn;C:\Program Files\Microsoft SQL Server\150\Tools\Binn;C:\Program Files (x86)\nodejs;C:\Program Files\Git\cmd;C:\Users\DongTrieu\AppData\Local\Microsoft\WindowsApps;C:\Program Files\Azure Data Studio\bin;C:\Users\DongTrieu\.dotnet\tools;C:\Users\DongTrieu\AppData\Roaming\npm;D:\flutter\bin;C:\Program Files\Java\jdk-20\bin;C:\Program Files\Java\jre-1.8\bin
USERNAME=DongTrieu
DISPLAY=:0.0
LC_ALL=en_US.UTF-8
TERM=xterm-256color
TMPDIR=C:\Users\DONGTR~1\AppData\Local\Temp
OS=Windows_NT
PROCESSOR_IDENTIFIER=AMD64 Family 23 Model 96 Stepping 1, AuthenticAMD
TMP=C:\Users\DONGTR~1\AppData\Local\Temp
TEMP=C:\Users\DONGTR~1\AppData\Local\Temp


JNI global refs:
JNI global refs: 0, weak refs: 0

JNI global refs memory usage: 0, weak refs: 0

OOME stack traces (most recent first):
Classloader memory used:


---------------  S Y S T E M  ---------------

OS:
 Windows 11 , 64 bit Build 22621 (10.0.22621.2506)
OS uptime: 3 days 18:50 hours
Hyper-V role detected

CPU: total 12 (initial active 12) (12 cores per cpu, 2 threads per core) family 23 model 96 stepping 1 microcode 0x0, cx8, cmov, fxsr, ht, mmx, 3dnowpref, sse, sse2, sse3, ssse3, sse4a, sse4.1, sse4.2, popcnt, lzcnt, tsc, tscinvbit, avx, avx2, aes, clmul, bmi1, bmi2, adx, sha, fma, vzeroupper, clflush, clflushopt, hv

Memory: 4k page, system-wide physical 15771M (1135M free)
TotalPageFile size 27771M (AvailPageFile size 210M)
current process WorkingSet (physical memory assigned to process): 11M, peak: 11M
current process commit charge ("private bytes"): 64M, peak: 312M

vm_info: OpenJDK 64-Bit Server VM (17.0.7+0-b2043.56-10550314) for windows-amd64 JRE (17.0.7+0-b2043.56-10550314), built on Jul 24 2023 18:27:45 by "androidbuild" with MS VC++ 16.10 / 16.11 (VS2019)

END.
